<?xml version="1.0" encoding="UTF-8"?>
<!-- Generated by org.testng.reporters.JUnitReportReporter -->
<testsuite hostname="DESKTOP-QPCBQJB" failures="0" tests="2" name="runner.CucumberRunner2" time="10.270" errors="0" timestamp="2024-02-28T17:47:11 EST" skipped="0">
  <testcase classname="runner.CucumberRunner2" name="runScenario" time="8.114"/>
  <testcase classname="runner.CucumberRunner2" name="runScenario" time="2.156"/>
</testsuite> <!-- runner.CucumberRunner2 -->
