<?xml version="1.0" encoding="UTF-8"?>
<!-- Generated by org.testng.reporters.JUnitReportReporter -->
<testsuite hostname="DESKTOP-QPCBQJB" failures="0" tests="150" name="runner.CucumberRunner" time="1785.994" errors="0" timestamp="2024-02-27T12:36:27 EST" skipped="0">
  <testcase classname="runner.CucumberRunner" name="runScenario" time="15.298"/>
  <testcase classname="runner.CucumberRunner" name="runScenario" time="9.781"/>
  <testcase classname="runner.CucumberRunner" name="runScenario" time="10.874"/>
  <testcase classname="runner.CucumberRunner" name="runScenario" time="13.123"/>
  <testcase classname="runner.CucumberRunner" name="runScenario" time="11.472"/>
  <testcase classname="runner.CucumberRunner" name="runScenario" time="11.564"/>
  <testcase classname="runner.CucumberRunner" name="runScenario" time="12.895"/>
  <testcase classname="runner.CucumberRunner" name="runScenario" time="19.211"/>
  <testcase classname="runner.CucumberRunner" name="runScenario" time="9.268"/>
  <testcase classname="runner.CucumberRunner" name="runScenario" time="11.716"/>
  <testcase classname="runner.CucumberRunner" name="runScenario" time="10.074"/>
  <testcase classname="runner.CucumberRunner" name="runScenario" time="12.820"/>
  <testcase classname="runner.CucumberRunner" name="runScenario" time="11.555"/>
  <testcase classname="runner.CucumberRunner" name="runScenario" time="16.874"/>
  <testcase classname="runner.CucumberRunner" name="runScenario" time="19.316"/>
  <testcase classname="runner.CucumberRunner" name="runScenario" time="7.361"/>
  <testcase classname="runner.CucumberRunner" name="runScenario" time="9.693"/>
  <testcase classname="runner.CucumberRunner" name="runScenario" time="7.806"/>
  <testcase classname="runner.CucumberRunner" name="runScenario" time="15.293"/>
  <testcase classname="runner.CucumberRunner" name="runScenario" time="15.047"/>
  <testcase classname="runner.CucumberRunner" name="runScenario" time="10.114"/>
  <testcase classname="runner.CucumberRunner" name="runScenario" time="8.366"/>
  <testcase classname="runner.CucumberRunner" name="runScenario" time="9.344"/>
  <testcase classname="runner.CucumberRunner" name="runScenario" time="9.196"/>
  <testcase classname="runner.CucumberRunner" name="runScenario" time="10.867"/>
  <testcase classname="runner.CucumberRunner" name="runScenario" time="12.551"/>
  <testcase classname="runner.CucumberRunner" name="runScenario" time="6.050"/>
  <testcase classname="runner.CucumberRunner" name="runScenario" time="17.880"/>
  <testcase classname="runner.CucumberRunner" name="runScenario" time="14.228"/>
  <testcase classname="runner.CucumberRunner" name="runScenario" time="8.525"/>
  <testcase classname="runner.CucumberRunner" name="runScenario" time="13.028"/>
  <testcase classname="runner.CucumberRunner" name="runScenario" time="8.530"/>
  <testcase classname="runner.CucumberRunner" name="runScenario" time="17.992"/>
  <testcase classname="runner.CucumberRunner" name="runScenario" time="13.311"/>
  <testcase classname="runner.CucumberRunner" name="runScenario" time="10.713"/>
  <testcase classname="runner.CucumberRunner" name="runScenario" time="10.368"/>
  <testcase classname="runner.CucumberRunner" name="runScenario" time="19.233"/>
  <testcase classname="runner.CucumberRunner" name="runScenario" time="13.068"/>
  <testcase classname="runner.CucumberRunner" name="runScenario" time="11.422"/>
  <testcase classname="runner.CucumberRunner" name="runScenario" time="10.356"/>
  <testcase classname="runner.CucumberRunner" name="runScenario" time="13.815"/>
  <testcase classname="runner.CucumberRunner" name="runScenario" time="9.958"/>
  <testcase classname="runner.CucumberRunner" name="runScenario" time="18.975"/>
  <testcase classname="runner.CucumberRunner" name="runScenario" time="10.055"/>
  <testcase classname="runner.CucumberRunner" name="runScenario" time="10.230"/>
  <testcase classname="runner.CucumberRunner" name="runScenario" time="13.236"/>
  <testcase classname="runner.CucumberRunner" name="runScenario" time="8.558"/>
  <testcase classname="runner.CucumberRunner" name="runScenario" time="9.859"/>
  <testcase classname="runner.CucumberRunner" name="runScenario" time="15.418"/>
  <testcase classname="runner.CucumberRunner" name="runScenario" time="18.790"/>
  <testcase classname="runner.CucumberRunner" name="runScenario" time="11.956"/>
  <testcase classname="runner.CucumberRunner" name="runScenario" time="11.037"/>
  <testcase classname="runner.CucumberRunner" name="runScenario" time="9.348"/>
  <testcase classname="runner.CucumberRunner" name="runScenario" time="22.091"/>
  <testcase classname="runner.CucumberRunner" name="runScenario" time="11.033"/>
  <testcase classname="runner.CucumberRunner" name="runScenario" time="10.574"/>
  <testcase classname="runner.CucumberRunner" name="runScenario" time="11.239"/>
  <testcase classname="runner.CucumberRunner" name="runScenario" time="15.335"/>
  <testcase classname="runner.CucumberRunner" name="runScenario" time="10.361"/>
  <testcase classname="runner.CucumberRunner" name="runScenario" time="19.042"/>
  <testcase classname="runner.CucumberRunner" name="runScenario" time="11.968"/>
  <testcase classname="runner.CucumberRunner" name="runScenario" time="8.357"/>
  <testcase classname="runner.CucumberRunner" name="runScenario" time="19.000"/>
  <testcase classname="runner.CucumberRunner" name="runScenario" time="10.428"/>
  <testcase classname="runner.CucumberRunner" name="runScenario" time="6.699"/>
  <testcase classname="runner.CucumberRunner" name="runScenario" time="12.058"/>
  <testcase classname="runner.CucumberRunner" name="runScenario" time="13.821"/>
  <testcase classname="runner.CucumberRunner" name="runScenario" time="12.632"/>
  <testcase classname="runner.CucumberRunner" name="runScenario" time="13.458"/>
  <testcase classname="runner.CucumberRunner" name="runScenario" time="17.879"/>
  <testcase classname="runner.CucumberRunner" name="runScenario" time="12.647"/>
  <testcase classname="runner.CucumberRunner" name="runScenario" time="10.125"/>
  <testcase classname="runner.CucumberRunner" name="runScenario" time="8.573"/>
  <testcase classname="runner.CucumberRunner" name="runScenario" time="12.385"/>
  <testcase classname="runner.CucumberRunner" name="runScenario" time="12.244"/>
  <testcase classname="runner.CucumberRunner" name="runScenario" time="8.266"/>
  <testcase classname="runner.CucumberRunner" name="runScenario" time="12.413"/>
  <testcase classname="runner.CucumberRunner" name="runScenario" time="10.127"/>
  <testcase classname="runner.CucumberRunner" name="runScenario" time="15.509"/>
  <testcase classname="runner.CucumberRunner" name="runScenario" time="9.372"/>
  <testcase classname="runner.CucumberRunner" name="runScenario" time="10.991"/>
  <testcase classname="runner.CucumberRunner" name="runScenario" time="11.300"/>
  <testcase classname="runner.CucumberRunner" name="runScenario" time="5.616"/>
  <testcase classname="runner.CucumberRunner" name="runScenario" time="14.091"/>
  <testcase classname="runner.CucumberRunner" name="runScenario" time="11.403"/>
  <testcase classname="runner.CucumberRunner" name="runScenario" time="10.318"/>
  <testcase classname="runner.CucumberRunner" name="runScenario" time="9.081"/>
  <testcase classname="runner.CucumberRunner" name="runScenario" time="19.015"/>
  <testcase classname="runner.CucumberRunner" name="runScenario" time="12.114"/>
  <testcase classname="runner.CucumberRunner" name="runScenario" time="9.999"/>
  <testcase classname="runner.CucumberRunner" name="runScenario" time="12.176"/>
  <testcase classname="runner.CucumberRunner" name="runScenario" time="11.296"/>
  <testcase classname="runner.CucumberRunner" name="runScenario" time="8.620"/>
  <testcase classname="runner.CucumberRunner" name="runScenario" time="10.557"/>
  <testcase classname="runner.CucumberRunner" name="runScenario" time="8.293"/>
  <testcase classname="runner.CucumberRunner" name="runScenario" time="12.854"/>
  <testcase classname="runner.CucumberRunner" name="runScenario" time="10.867"/>
  <testcase classname="runner.CucumberRunner" name="runScenario" time="9.941"/>
  <testcase classname="runner.CucumberRunner" name="runScenario" time="11.088"/>
  <testcase classname="runner.CucumberRunner" name="runScenario" time="12.514"/>
  <testcase classname="runner.CucumberRunner" name="runScenario" time="12.426"/>
  <testcase classname="runner.CucumberRunner" name="runScenario" time="10.442"/>
  <testcase classname="runner.CucumberRunner" name="runScenario" time="10.851"/>
  <testcase classname="runner.CucumberRunner" name="runScenario" time="10.231"/>
  <testcase classname="runner.CucumberRunner" name="runScenario" time="12.325"/>
  <testcase classname="runner.CucumberRunner" name="runScenario" time="9.561"/>
  <testcase classname="runner.CucumberRunner" name="runScenario" time="11.226"/>
  <testcase classname="runner.CucumberRunner" name="runScenario" time="10.541"/>
  <testcase classname="runner.CucumberRunner" name="runScenario" time="8.932"/>
  <testcase classname="runner.CucumberRunner" name="runScenario" time="10.773"/>
  <testcase classname="runner.CucumberRunner" name="runScenario" time="12.052"/>
  <testcase classname="runner.CucumberRunner" name="runScenario" time="11.104"/>
  <testcase classname="runner.CucumberRunner" name="runScenario" time="7.650"/>
  <testcase classname="runner.CucumberRunner" name="runScenario" time="14.108"/>
  <testcase classname="runner.CucumberRunner" name="runScenario" time="10.723"/>
  <testcase classname="runner.CucumberRunner" name="runScenario" time="11.127"/>
  <testcase classname="runner.CucumberRunner" name="runScenario" time="10.125"/>
  <testcase classname="runner.CucumberRunner" name="runScenario" time="13.107"/>
  <testcase classname="runner.CucumberRunner" name="runScenario" time="11.372"/>
  <testcase classname="runner.CucumberRunner" name="runScenario" time="11.043"/>
  <testcase classname="runner.CucumberRunner" name="runScenario" time="9.391"/>
  <testcase classname="runner.CucumberRunner" name="runScenario" time="10.162"/>
  <testcase classname="runner.CucumberRunner" name="runScenario" time="11.365"/>
  <testcase classname="runner.CucumberRunner" name="runScenario" time="12.960"/>
  <testcase classname="runner.CucumberRunner" name="runScenario" time="12.123"/>
  <testcase classname="runner.CucumberRunner" name="runScenario" time="20.072"/>
  <testcase classname="runner.CucumberRunner" name="runScenario" time="6.752"/>
  <testcase classname="runner.CucumberRunner" name="runScenario" time="13.072"/>
  <testcase classname="runner.CucumberRunner" name="runScenario" time="9.874"/>
  <testcase classname="runner.CucumberRunner" name="runScenario" time="10.863"/>
  <testcase classname="runner.CucumberRunner" name="runScenario" time="9.770"/>
  <testcase classname="runner.CucumberRunner" name="runScenario" time="8.478"/>
  <testcase classname="runner.CucumberRunner" name="runScenario" time="11.475"/>
  <testcase classname="runner.CucumberRunner" name="runScenario" time="13.354"/>
  <testcase classname="runner.CucumberRunner" name="runScenario" time="7.183"/>
  <testcase classname="runner.CucumberRunner" name="runScenario" time="7.550"/>
  <testcase classname="runner.CucumberRunner" name="runScenario" time="10.585"/>
  <testcase classname="runner.CucumberRunner" name="runScenario" time="18.824"/>
  <testcase classname="runner.CucumberRunner" name="runScenario" time="20.277"/>
  <testcase classname="runner.CucumberRunner" name="runScenario" time="19.334"/>
  <testcase classname="runner.CucumberRunner" name="runScenario" time="10.873"/>
  <testcase classname="runner.CucumberRunner" name="runScenario" time="5.692"/>
  <testcase classname="runner.CucumberRunner" name="runScenario" time="11.387"/>
  <testcase classname="runner.CucumberRunner" name="runScenario" time="10.819"/>
  <testcase classname="runner.CucumberRunner" name="runScenario" time="20.111"/>
  <testcase classname="runner.CucumberRunner" name="runScenario" time="8.481"/>
  <testcase classname="runner.CucumberRunner" name="runScenario" time="7.686"/>
  <testcase classname="runner.CucumberRunner" name="runScenario" time="13.773"/>
  <testcase classname="runner.CucumberRunner" name="runScenario" time="13.413"/>
  <testcase classname="runner.CucumberRunner" name="runScenario" time="13.388"/>
</testsuite> <!-- runner.CucumberRunner -->
