<?xml version="1.0" encoding="UTF-8"?>
<!-- Generated by org.testng.reporters.JUnitReportReporter -->
<testsuite hostname="DESKTOP-QPCBQJB" failures="0" tests="5" name="org.example.runner.CucumberRunnerTests" time="59.835" errors="0" timestamp="2024-02-24T23:22:32 EST" skipped="0">
  <testcase classname="org.example.runner.CucumberRunnerTests" name="runScenario" time="12.270"/>
  <testcase classname="org.example.runner.CucumberRunnerTests" name="runScenario" time="10.971"/>
  <testcase classname="org.example.runner.CucumberRunnerTests" name="runScenario" time="12.206"/>
  <testcase classname="org.example.runner.CucumberRunnerTests" name="runScenario" time="12.285"/>
  <testcase classname="org.example.runner.CucumberRunnerTests" name="runScenario" time="12.103"/>
</testsuite> <!-- org.example.runner.CucumberRunnerTests -->
