<?xml version="1.0" encoding="UTF-8"?>
<!-- Generated by org.testng.reporters.JUnitReportReporter -->
<testsuite hostname="DESKTOP-QPCBQJB" failures="0" tests="10" name="org.example.runner.CucumberRunnerTests2" time="169.988" errors="0" timestamp="2024-02-25T00:14:35 EST" skipped="0">
  <testcase classname="org.example.runner.CucumberRunnerTests2" name="runScenario" time="13.624"/>
  <testcase classname="org.example.runner.CucumberRunnerTests2" name="runScenario" time="13.660"/>
  <testcase classname="org.example.runner.CucumberRunnerTests2" name="runScenario" time="13.707"/>
  <testcase classname="org.example.runner.CucumberRunnerTests2" name="runScenario" time="20.510"/>
  <testcase classname="org.example.runner.CucumberRunnerTests2" name="runScenario" time="20.856"/>
  <testcase classname="org.example.runner.CucumberRunnerTests2" name="runScenario" time="13.647"/>
  <testcase classname="org.example.runner.CucumberRunnerTests2" name="runScenario" time="20.789"/>
  <testcase classname="org.example.runner.CucumberRunnerTests2" name="runScenario" time="20.316"/>
  <testcase classname="org.example.runner.CucumberRunnerTests2" name="runScenario" time="20.994"/>
  <testcase classname="org.example.runner.CucumberRunnerTests2" name="runScenario" time="11.885"/>
</testsuite> <!-- org.example.runner.CucumberRunnerTests2 -->
