<?xml version="1.0" encoding="UTF-8"?>
<!-- Generated by org.testng.reporters.JUnitReportReporter -->
<testsuite hostname="DESKTOP-QPCBQJB" failures="0" tests="10" name="org.example.runner.CucumberRunner" time="125.144" errors="0" timestamp="2024-02-25T00:20:37 EST" skipped="0">
  <testcase classname="org.example.runner.CucumberRunner" name="runScenario" time="12.431"/>
  <testcase classname="org.example.runner.CucumberRunner" name="runScenario" time="12.439"/>
  <testcase classname="org.example.runner.CucumberRunner" name="runScenario" time="12.118"/>
  <testcase classname="org.example.runner.CucumberRunner" name="runScenario" time="12.946"/>
  <testcase classname="org.example.runner.CucumberRunner" name="runScenario" time="13.007"/>
  <testcase classname="org.example.runner.CucumberRunner" name="runScenario" time="13.023"/>
  <testcase classname="org.example.runner.CucumberRunner" name="runScenario" time="12.902"/>
  <testcase classname="org.example.runner.CucumberRunner" name="runScenario" time="12.572"/>
  <testcase classname="org.example.runner.CucumberRunner" name="runScenario" time="11.304"/>
  <testcase classname="org.example.runner.CucumberRunner" name="runScenario" time="12.402"/>
</testsuite> <!-- org.example.runner.CucumberRunner -->
