<?xml version="1.0" encoding="UTF-8"?>
<!-- Generated by org.testng.reporters.JUnitReportReporter -->
<testsuite hostname="DESKTOP-QPCBQJB" failures="0" tests="2" name="runner.CucumberRunner2" time="6.646" errors="0" timestamp="2024-02-28T17:39:51 EST" skipped="0">
  <testcase classname="runner.CucumberRunner2" name="runScenario" time="4.621"/>
  <testcase classname="runner.CucumberRunner2" name="runScenario" time="2.025"/>
</testsuite> <!-- runner.CucumberRunner2 -->
