<?xml version="1.0" encoding="UTF-8"?>
<!-- Generated by org.testng.reporters.JUnitReportReporter -->
<testsuite hostname="DESKTOP-QPCBQJB" failures="0" tests="2" name="runner.CucumberRunner2" time="8.276" errors="0" timestamp="2024-02-27T11:40:09 EST" skipped="0">
  <testcase classname="runner.CucumberRunner2" name="runScenario" time="4.985"/>
  <testcase classname="runner.CucumberRunner2" name="runScenario" time="3.291"/>
</testsuite> <!-- runner.CucumberRunner2 -->
