<?xml version="1.0" encoding="UTF-8"?>
<!-- Generated by org.testng.reporters.JUnitReportReporter -->
<testsuite hostname="DESKTOP-QPCBQJB" failures="0" tests="2" name="runner.CucumberRunner2" time="14.785" errors="0" timestamp="2024-02-28T16:01:51 EST" skipped="0">
  <testcase classname="runner.CucumberRunner2" name="runScenario" time="10.876"/>
  <testcase classname="runner.CucumberRunner2" name="runScenario" time="3.909"/>
</testsuite> <!-- runner.CucumberRunner2 -->
